app/build/intermediates/manifest_merge_blame_file/debug/manifest-merger-blame-debug-report.txt
1<?xml version="1.0" encoding="utf-8"?>
2<manifest xmlns:android="http://schemas.android.com/apk/res/android"
3    package="com.example.caloriecounter"
4    android:versionCode="1"
5    android:versionName="1.0" >
6
7    <uses-sdk
8        android:minSdkVersion="25"
8-->src\main\AndroidManifest.xml
9        android:targetSdkVersion="30" />
9-->src\main\AndroidManifest.xml
10
11    <application
11-->src\main\AndroidManifest.xml:5:5-35:19
12        android:allowBackup="true"
12-->src\main\AndroidManifest.xml:6:9-35
13        android:appComponentFactory="androidx.core.app.CoreComponentFactory"
13-->[androidx.core:core:1.3.1] AndroidManifest.xml:24:18-86
14        android:debuggable="true"
15        android:extractNativeLibs="false"
16        android:icon="@mipmap/ic_launcher"
16-->src\main\AndroidManifest.xml:7:9-43
17        android:label="@string/app_name"
17-->src\main\AndroidManifest.xml:8:9-41
18        android:roundIcon="@mipmap/ic_launcher_round"
18-->src\main\AndroidManifest.xml:9:9-54
19        android:supportsRtl="true"
19-->src\main\AndroidManifest.xml:10:9-35
20        android:testOnly="true"
21        android:theme="@style/Theme.CalorieCounter" >
21-->src\main\AndroidManifest.xml:11:9-52
22        <activity
22-->src\main\AndroidManifest.xml:12:9-22:20
23            android:name="com.example.caloriecounter.DailyMacroCounter.DailyMacroCounterActivity"
23-->src\main\AndroidManifest.xml:13:13-72
24            android:label="@string/app_name"
24-->src\main\AndroidManifest.xml:14:13-45
25            android:theme="@style/Theme.CalorieCounter.NoActionBar" >
25-->src\main\AndroidManifest.xml:15:13-68
26            <intent-filter>
26-->src\main\AndroidManifest.xml:16:13-21:29
27                <action android:name="android.intent.action.MAIN" />
27-->src\main\AndroidManifest.xml:17:17-69
27-->src\main\AndroidManifest.xml:17:25-66
28
29                <category android:name="android.intent.category.HOME" />
29-->src\main\AndroidManifest.xml:18:17-73
29-->src\main\AndroidManifest.xml:18:27-70
30                <category android:name="android.intent.category.DEFAULT" />
30-->src\main\AndroidManifest.xml:19:17-76
30-->src\main\AndroidManifest.xml:19:27-73
31                <category android:name="android.intent.category.LAUNCHER" />
31-->src\main\AndroidManifest.xml:20:17-77
31-->src\main\AndroidManifest.xml:20:27-74
32            </intent-filter>
33        </activity>
34        <activity
34-->src\main\AndroidManifest.xml:23:9-26:71
35            android:name="com.example.caloriecounter.DailyConsumption.DailyConsumptionActivity"
35-->src\main\AndroidManifest.xml:24:13-70
36            android:label="@string/title_activity_daily_consumption"
36-->src\main\AndroidManifest.xml:25:13-69
37            android:theme="@style/Theme.CalorieCounter.NoActionBar" />
37-->src\main\AndroidManifest.xml:26:13-68
38        <activity
38-->src\main\AndroidManifest.xml:27:9-30:71
39            android:name="com.example.caloriecounter.WeeklyProgression.WeeklyProgressionActivity"
39-->src\main\AndroidManifest.xml:28:13-72
40            android:label="@string/title_activity_weekly_progression"
40-->src\main\AndroidManifest.xml:29:13-70
41            android:theme="@style/Theme.CalorieCounter.NoActionBar" />
41-->src\main\AndroidManifest.xml:30:13-68
42        <activity
42-->src\main\AndroidManifest.xml:31:9-34:71
43            android:name="com.example.caloriecounter.FoodDisplay.FoodDisplayActivity"
43-->src\main\AndroidManifest.xml:32:13-60
44            android:label="@string/title_activity_food_display"
44-->src\main\AndroidManifest.xml:33:13-64
45            android:theme="@style/Theme.CalorieCounter.NoActionBar" />
45-->src\main\AndroidManifest.xml:34:13-68
46    </application>
47
48</manifest>